<?xml version="1.0" encoding="UTF-8"?>
<!-- Generated by org.testng.reporters.JUnitReportReporter -->
<testsuite hostname="DESKTOP-56QQVF4" failures="0" tests="9" name="testscripts.HomeTest" time="142.021" errors="0" timestamp="2024-09-13T12:33:05 IST" skipped="0">
  <testcase classname="testscripts.HomeTest" name="dispCheck" time="4.398"/>
  <system-out/>
  <testcase classname="testscripts.HomeTest" name="HyperLinksCheck" time="7.141"/>
  <system-out/>
  <testcase classname="testscripts.HomeTest" name="slideShowCheck" time="4.138"/>
  <system-out/>
  <testcase classname="testscripts.HomeTest" name="imageCheck" time="6.764"/>
  <system-out/>
  <testcase classname="testscripts.HomeTest" name="sideNavBarCheck" time="4.914"/>
  <system-out/>
  <testcase classname="testscripts.HomeTest" name="productLinksCheck" time="99.384"/>
  <system-out/>
  <testcase classname="testscripts.HomeTest" name="btnCheck" time="4.972"/>
  <system-out/>
  <testcase classname="testscripts.HomeTest" name="footer" time="4.687"/>
  <system-out/>
  <testcase classname="testscripts.HomeTest" name="copyRight" time="5.623"/>
  <system-out/>
</testsuite> <!-- testscripts.HomeTest -->
