<?xml version="1.0" encoding="UTF-8"?>
<!-- Generated by org.testng.reporters.JUnitReportReporter -->
<testsuite hostname="DESKTOP-56QQVF4" failures="0" tests="10" name="testscripts.ContactTest" time="99.332" errors="0" timestamp="2024-09-13T12:33:05 IST" skipped="0">
  <testcase classname="testscripts.ContactTest" name="cLinkCheck" time="8.127"/>
  <system-out/>
  <testcase classname="testscripts.ContactTest" name="contactTest" time="10.620"/>
  <system-out/>
  <testcase classname="testscripts.ContactTest" name="contactTest" time="10.840"/>
  <system-out/>
  <testcase classname="testscripts.ContactTest" name="contactTest" time="10.209"/>
  <system-out/>
  <testcase classname="testscripts.ContactTest" name="contactTest" time="11.855"/>
  <system-out/>
  <testcase classname="testscripts.ContactTest" name="contactTest" time="10.645"/>
  <system-out/>
  <testcase classname="testscripts.ContactTest" name="contactTest" time="10.250"/>
  <system-out/>
  <testcase classname="testscripts.ContactTest" name="contactTest" time="11.943"/>
  <system-out/>
  <testcase classname="testscripts.ContactTest" name="contactTest" time="10.427"/>
  <system-out/>
  <testcase classname="testscripts.ContactTest" name="terminateCheck" time="4.416"/>
  <system-out/>
</testsuite> <!-- testscripts.ContactTest -->
