<?xml version="1.0" encoding="UTF-8"?>
<!-- Generated by org.testng.reporters.JUnitReportReporter -->
<testsuite hostname="DESKTOP-56QQVF4" failures="0" tests="10" name="automate.HomePage" time="102.408" errors="0" timestamp="2024-08-24T19:15:13 IST" skipped="0">
  <testcase classname="automate.HomePage" name="testClickAndCheckImage" time="3.334"/>
  <testcase classname="automate.HomePage" name="testHyperlinks" time="0.318"/>
  <testcase classname="automate.HomePage" name="testSideNavBar" time="3.290"/>
  <testcase classname="automate.HomePage" name="testFooterSection" time="0.305"/>
  <testcase classname="automate.HomePage" name="testCopyRight" time="0.049"/>
  <testcase classname="automate.HomePage" name="testButtonFunctionality" time="0.248"/>
  <testcase classname="automate.HomePage" name="testProductLinks" time="93.943"/>
  <testcase classname="automate.HomePage" name="testSlideShowNext" time="0.211"/>
  <testcase classname="automate.HomePage" name="testSlideShowPrevious" time="0.136"/>
  <testcase classname="automate.HomePage" name="testNavBar" time="0.574"/>
</testsuite> <!-- automate.HomePage -->
