<?xml version="1.0" encoding="UTF-8"?>
<!-- Generated by org.testng.reporters.JUnitReportReporter -->
<testsuite hostname="DESKTOP-56QQVF4" failures="0" tests="10" name="testscripts.SignUpTestCase" time="147.702" errors="0" timestamp="2024-09-13T12:33:05 IST" skipped="0">
  <testcase classname="testscripts.SignUpTestCase" name="registerFunc" time="10.214"/>
  <system-out/>
  <testcase classname="testscripts.SignUpTestCase" name="contactTest" time="15.154"/>
  <system-out/>
  <testcase classname="testscripts.SignUpTestCase" name="contactTest" time="14.643"/>
  <system-out/>
  <testcase classname="testscripts.SignUpTestCase" name="contactTest" time="14.914"/>
  <system-out/>
  <testcase classname="testscripts.SignUpTestCase" name="contactTest" time="15.007"/>
  <system-out/>
  <testcase classname="testscripts.SignUpTestCase" name="contactTest" time="14.935"/>
  <system-out/>
  <testcase classname="testscripts.SignUpTestCase" name="contactTest" time="16.270"/>
  <system-out/>
  <testcase classname="testscripts.SignUpTestCase" name="contactTest" time="15.472"/>
  <system-out/>
  <testcase classname="testscripts.SignUpTestCase" name="contactTest" time="14.763"/>
  <system-out/>
  <testcase classname="testscripts.SignUpTestCase" name="contactTest" time="16.330"/>
  <system-out/>
</testsuite> <!-- testscripts.SignUpTestCase -->
