<?xml version="1.0" encoding="UTF-8"?>
<!-- Generated by org.testng.reporters.JUnitReportReporter -->
<testsuite hostname="DESKTOP-56QQVF4" failures="0" tests="3" name="testscripts.CartTestCase" time="145.075" errors="0" timestamp="2024-09-13T12:33:05 IST" skipped="0">
  <testcase classname="testscripts.CartTestCase" name="CartTest" time="48.129"/>
  <system-out/>
  <testcase classname="testscripts.CartTestCase" name="CartTest" time="49.737"/>
  <system-out/>
  <testcase classname="testscripts.CartTestCase" name="CartTest" time="47.209"/>
  <system-out/>
</testsuite> <!-- testscripts.CartTestCase -->
