<?xml version="1.0" encoding="UTF-8"?>
<!-- Generated by org.testng.reporters.JUnitReportReporter -->
<testsuite hostname="DESKTOP-56QQVF4" failures="0" tests="1" name="testscripts.AboutUsTest" time="14.417" errors="0" timestamp="2024-09-13T12:33:05 IST" skipped="0">
  <testcase classname="testscripts.AboutUsTest" name="aboutUsCheck" time="14.417"/>
  <system-out/>
</testsuite> <!-- testscripts.AboutUsTest -->
