<?xml version="1.0" encoding="UTF-8"?>
<!-- Generated by org.testng.reporters.JUnitReportReporter -->
<testsuite hostname="DESKTOP-56QQVF4" failures="0" tests="9" name="testscripts.LoginTestCase" time="119.920" errors="0" timestamp="2024-09-13T12:33:05 IST" skipped="0">
  <testcase classname="testscripts.LoginTestCase" name="signInFunc" time="16.691"/>
  <system-out/>
  <testcase classname="testscripts.LoginTestCase" name="loginTest" time="14.310"/>
  <system-out/>
  <testcase classname="testscripts.LoginTestCase" name="loginTest" time="12.418"/>
  <system-out/>
  <testcase classname="testscripts.LoginTestCase" name="loginTest" time="12.772"/>
  <system-out/>
  <testcase classname="testscripts.LoginTestCase" name="loginTest" time="12.898"/>
  <system-out/>
  <testcase classname="testscripts.LoginTestCase" name="loginTest" time="12.454"/>
  <system-out/>
  <testcase classname="testscripts.LoginTestCase" name="loginTest" time="11.740"/>
  <system-out/>
  <testcase classname="testscripts.LoginTestCase" name="loginTest" time="13.697"/>
  <system-out/>
  <testcase classname="testscripts.LoginTestCase" name="loginTest" time="12.940"/>
  <system-out/>
</testsuite> <!-- testscripts.LoginTestCase -->
